<?xml version="1.0" encoding="UTF-8"?>
<coverage generated="1768846676276" clover="3.2.0">
  <project timestamp="1768846676276" name="All files">
    <metrics statements="28" coveredstatements="27" conditionals="21" coveredconditionals="18" methods="8" coveredmethods="8" elements="57" coveredelements="53" complexity="0" loc="28" ncloc="28" packages="2" files="3" classes="3"/>
    <package name="components">
      <metrics statements="13" coveredstatements="13" conditionals="10" coveredconditionals="8" methods="6" coveredmethods="6"/>
      <file name="Counter.jsx" path="C:\Users\arida\Desktop\Testing-con-ViteTest-main\src\components\Counter.jsx">
        <metrics statements="13" coveredstatements="13" conditionals="10" coveredconditionals="8" methods="6" coveredmethods="6"/>
        <line num="5" count="14" type="stmt"/>
        <line num="6" count="14" type="stmt"/>
        <line num="8" count="14" type="stmt"/>
        <line num="9" count="3" type="cond" truecount="1" falsecount="1"/>
        <line num="10" count="3" type="stmt"/>
        <line num="14" count="14" type="stmt"/>
        <line num="15" count="2" type="cond" truecount="1" falsecount="1"/>
        <line num="16" count="2" type="stmt"/>
        <line num="20" count="14" type="stmt"/>
        <line num="21" count="1" type="stmt"/>
        <line num="25" count="14" type="stmt"/>
        <line num="26" count="14" type="stmt"/>
        <line num="28" count="14" type="stmt"/>
      </file>
    </package>
    <package name="utils">
      <metrics statements="15" coveredstatements="14" conditionals="11" coveredconditionals="10" methods="2" coveredmethods="2"/>
      <file name="DataValidator.js" path="C:\Users\arida\Desktop\Testing-con-ViteTest-main\src\utils\DataValidator.js">
        <metrics statements="4" coveredstatements="4" conditionals="5" coveredconditionals="5" methods="1" coveredmethods="1"/>
        <line num="2" count="8" type="cond" truecount="5" falsecount="0"/>
        <line num="3" count="4" type="stmt"/>
        <line num="5" count="4" type="stmt"/>
        <line num="6" count="4" type="stmt"/>
      </file>
      <file name="fetchUserPosts.js" path="C:\Users\arida\Desktop\Testing-con-ViteTest-main\src\utils\fetchUserPosts.js">
        <metrics statements="11" coveredstatements="10" conditionals="6" coveredconditionals="5" methods="1" coveredmethods="1"/>
        <line num="2" count="1" type="stmt"/>
        <line num="6" count="3" type="cond" truecount="1" falsecount="1"/>
        <line num="7" count="0" type="stmt"/>
        <line num="11" count="3" type="stmt"/>
        <line num="13" count="3" type="cond" truecount="2" falsecount="0"/>
        <line num="15" count="1" type="stmt"/>
        <line num="18" count="2" type="stmt"/>
        <line num="19" count="2" type="stmt"/>
        <line num="21" count="2" type="cond" truecount="2" falsecount="0"/>
        <line num="22" count="1" type="stmt"/>
        <line num="24" count="1" type="stmt"/>
      </file>
    </package>
  </project>
</coverage>
